<?xml version="1.0" encoding="UTF-8"?>
<!-- Generated by org.testng.reporters.JUnitXMLReporter -->
<testsuite ignored="0" hostname="LAPTOP-MDDC7LI2" failures="1" tests="1" name="firefox" time="22.778" errors="0" timestamp="2023-09-30T11:36:01 IST">
  <testcase classname="com.pos.testcases.EditCustomer" name="runLogin" time="15.642">
    <failure type="java.lang.RuntimeException" message="See the reporter for details.">
      <![CDATA[java.lang.RuntimeException: See the reporter for details.
at com.framework.utils.Reporter.reportStep(Reporter.java:101)
at com.framework.utils.Reporter.reportStep(Reporter.java:116)
at com.framework.selenium.api.base.SeleniumBase.locateElement(SeleniumBase.java:657)
at com.pos.pages.CustomersPage.clickEditIcon(CustomersPage.java:29)
at com.pos.testcases.EditCustomer.runLogin(EditCustomer.java:27)
at java.base/java.util.concurrent.ThreadPoolExecutor.runWorker(ThreadPoolExecutor.java:1130)
at java.base/java.util.concurrent.ThreadPoolExecutor$Worker.run(ThreadPoolExecutor.java:630)
at java.base/java.lang.Thread.run(Thread.java:831)
... Removed 12 stack frames]]>
    </failure>
  </testcase> <!-- runLogin -->
</testsuite> <!-- firefox -->
